Unity Editor version:    2020.3.27f1 (e759542391ea)
Branch:                  2020.3/release
Build type:              Release
Batch mode:              YES
macOS version:           Version 11.2.1 (Build 20D74)
Darwin version:          20.3.0
Architecture:            x86_64
Running under Rosetta:   NO
Available memory:        16384 MB
Using pre-set license
Pro License: NO

COMMAND LINE ARGUMENTS:
/Users/mr.shams/Desktop/2020.3.27f1/Unity.app/Contents/MacOS/Unity
-adb2
-batchMode
-noUpm
-name
AssetImportWorker0
-projectPath
/Users/mr.shams/RubyComplete
-logFile
Logs/AssetImportWorker0.log
-srvPort
59813
Successfully changed project path to: /Users/mr.shams/RubyComplete
/Users/mr.shams/RubyComplete
Using Asset Import Pipeline V2.
Refreshing native plugins compatible for Editor in 39.42 ms, found 2 plugins.
Preloading 0 native plugins for Editor in 0.00 ms.
Initialize engine version: 2020.3.27f1 (e759542391ea)
[Subsystems] Discovering subsystems at path /Users/mr.shams/Desktop/2020.3.27f1/Unity.app/Contents/Resources/UnitySubsystems
[Subsystems] Discovering subsystems at path /Users/mr.shams/RubyComplete/Assets
GfxDevice: creating device client; threaded=0
2022-02-09 07:43:41.012 Unity[29583:2385496] iMac preferred device: AMD Radeon Pro 5500 XT (high power)
2022-02-09 07:43:41.012 Unity[29583:2385496] Metal devices available: 1
2022-02-09 07:43:41.012 Unity[29583:2385496] 0: AMD Radeon Pro 5500 XT (high power)
2022-02-09 07:43:41.012 Unity[29583:2385496] Using device AMD Radeon Pro 5500 XT (high power)
Initializing Metal device caps: AMD Radeon Pro 5500 XT
Initialize mono
Mono path[0] = '/Users/mr.shams/Desktop/2020.3.27f1/Unity.app/Contents/Managed'
Mono path[1] = '/Users/mr.shams/Desktop/2020.3.27f1/Unity.app/Contents/MonoBleedingEdge/lib/mono/unityjit'
Mono config path = '/Users/mr.shams/Desktop/2020.3.27f1/Unity.app/Contents/MonoBleedingEdge/etc'
Using monoOptions --debugger-agent=transport=dt_socket,embedding=1,server=y,suspend=n,address=127.0.0.1:56583
Begin MonoManager ReloadAssembly
Registering precompiled unity dll's ...
Register platform support module: /Users/mr.shams/Desktop/2020.3.27f1/Unity.app/Contents/PlaybackEngines/MacStandaloneSupport/UnityEditor.OSXStandalone.Extensions.dll
Registered in 0.000387 seconds.
Native extension for OSXStandalone target not found
Refreshing native plugins compatible for Editor in 34.03 ms, found 2 plugins.
Preloading 0 native plugins for Editor in 0.00 ms.
Mono: successfully reloaded assembly
- Completed reload, in  0.517 seconds
Domain Reload Profiling:
	ReloadAssembly (517ms)
		BeginReloadAssembly (35ms)
			ExecutionOrderSort (0ms)
			DisableScriptedObjects (0ms)
			BackupInstance (0ms)
			ReleaseScriptingObjects (0ms)
			CreateAndSetChildDomain (1ms)
		EndReloadAssembly (417ms)
			LoadAssemblies (35ms)
			RebuildTransferFunctionScriptingTraits (0ms)
			SetupTypeCache (160ms)
			ReleaseScriptCaches (0ms)
			RebuildScriptCaches (31ms)
			SetupLoadedEditorAssemblies (155ms)
				LogAssemblyErrors (0ms)
				InitializePlatformSupportModulesInManaged (4ms)
				SetLoadedEditorAssemblies (0ms)
				RefreshPlugins (34ms)
				BeforeProcessingInitializeOnLoad (6ms)
				ProcessInitializeOnLoadAttributes (86ms)
				ProcessInitializeOnLoadMethodAttributes (24ms)
				AfterProcessingInitializeOnLoad (0ms)
				EditorAssembliesLoaded (0ms)
			ExecutionOrderSort2 (0ms)
			AwakeInstancesAfterBackupRestoration (0ms)
Platform modules already initialized, skipping
Registering precompiled user dll's ...
Registered in 0.001715 seconds.
Begin MonoManager ReloadAssembly
Native extension for OSXStandalone target not found
Refreshing native plugins compatible for Editor in 0.59 ms, found 2 plugins.
Preloading 0 native plugins for Editor in 0.00 ms.
Mono: successfully reloaded assembly
- Completed reload, in  1.029 seconds
Domain Reload Profiling:
	ReloadAssembly (1030ms)
		BeginReloadAssembly (132ms)
			ExecutionOrderSort (0ms)
			DisableScriptedObjects (4ms)
			BackupInstance (0ms)
			ReleaseScriptingObjects (0ms)
			CreateAndSetChildDomain (25ms)
		EndReloadAssembly (842ms)
			LoadAssemblies (65ms)
			RebuildTransferFunctionScriptingTraits (0ms)
			SetupTypeCache (308ms)
			ReleaseScriptCaches (0ms)
			RebuildScriptCaches (51ms)
			SetupLoadedEditorAssemblies (321ms)
				LogAssemblyErrors (0ms)
				InitializePlatformSupportModulesInManaged (4ms)
				SetLoadedEditorAssemblies (0ms)
				RefreshPlugins (1ms)
				BeforeProcessingInitializeOnLoad (49ms)
				ProcessInitializeOnLoadAttributes (223ms)
				ProcessInitializeOnLoadMethodAttributes (43ms)
				AfterProcessingInitializeOnLoad (1ms)
				EditorAssembliesLoaded (0ms)
			ExecutionOrderSort2 (0ms)
			AwakeInstancesAfterBackupRestoration (6ms)
Platform modules already initialized, skipping
Validating Project structure ... 0.001591 seconds.
Shader import version has changed; will reimport all shaders...
Upgrading shader files ...0.007341 seconds.
Application.AssetDatabase Initial Script Refresh Start
RefreshInfo: InitialScriptRefreshV2(NoUpdateAssetOptions) scanfilter:  ... 1 filters
RefreshProfiler: Total: 0.000ms
Application.AssetDatabase Initial Script Refresh End
Application.AssetDatabase.Refresh Start
Application.AssetDatabase.Refresh End
RefreshInfo: StopAssetImportingV2(ForceSynchronousImport) scanfilter: 
RefreshProfiler: Total: 0.000ms
Launching external process: /Users/mr.shams/Desktop/2020.3.27f1/Unity.app/Contents/Tools/UnityShaderCompiler
Launched and connected shader compiler UnityShaderCompiler after 0.01 seconds
Initializing Unity extensions:
========================================================================
Worker process is ready to serve import requests
Refreshing native plugins compatible for Editor in 0.40 ms, found 2 plugins.
Preloading 0 native plugins for Editor in 0.00 ms.
Unloading 2297 Unused Serialized files (Serialized files now loaded: 0)
System memory in use before: 206.7 MB.
System memory in use after: 205.9 MB.

Unloading 191 unused Assets to reduce memory usage. Loaded Objects now: 2741.
Total: 4.837083 ms (FindLiveObjects: 0.156355 ms CreateObjectMapping: 0.087793 ms MarkObjects: 4.202625 ms  DeleteObjects: 0.389727 ms)

AssetImportParameters requested are different than current active one (requested -> active):
  custom:video-decoder-ogg-theora: a1e56fd34408186e4bbccfd4996cb3dc -> 
  custom:container-muxer-webm: aa71ff27fc2769a1b78a27578f13a17b -> 
  custom:container-demuxer-webm: 4f35f7cbe854078d1ac9338744f61a02 -> 
  custom:container-demuxer-ogg: 62fdf1f143b41e24485cea50d1cbac27 -> 
  custom:video-encoder-webm-vp8: eb34c28f22e8b96e1ab97ce403110664 -> 
  custom:framework-osx-AVFoundation: e770b220cccbd017edd2c1fefb359320 -> 
  custom:video-decoder-webm-vp8: 9c59270c3fd7afecdb556c50c9e8de78 -> 
  custom:audio-decoder-ogg-vorbis: bf7c407c2cedff20999df2af8eb42d56 -> 
  custom:audio-encoder-webm-vorbis: bf7c407c2cedff20999df2af8eb42d56 -> 
========================================================================
Received Import Request.
  path: Assets/Scenes/Level2.unity
  artifactKey: Guid(bd2e004285c704573a745fd2a6494c13) Importer(815301076,1909f56bfc062723c751e8b465ee728b)
Start importing Assets/Scenes/Level2.unity using Guid(bd2e004285c704573a745fd2a6494c13) Importer(815301076,1909f56bfc062723c751e8b465ee728b)  -> (artifact id: 'c16c553b3bfca9b78b48144038c16f97') in 0.009598 seconds 
  Import took 0.012114 seconds .

========================================================================
Received Import Request.
  Time since last request: 132.380472 seconds.
  path: Assets/Prefabs/Damageable.prefab
  artifactKey: Guid(729bc9a5961b27044ba69be8f9f8d371) Importer(815301076,1909f56bfc062723c751e8b465ee728b)
Start importing Assets/Prefabs/Damageable.prefab using Guid(729bc9a5961b27044ba69be8f9f8d371) Importer(815301076,1909f56bfc062723c751e8b465ee728b)  -> (artifact id: 'da8e239d62e621fc63d310e12801c26a') in 1.001626 seconds 
  Import took 1.008460 seconds .

========================================================================
Received Import Request.
  Time since last request: 0.000164 seconds.
  path: Assets/Prefabs/Ruby.prefab
  artifactKey: Guid(6809f23136949a9488669a0f58179ef9) Importer(815301076,1909f56bfc062723c751e8b465ee728b)
Start importing Assets/Prefabs/Ruby.prefab using Guid(6809f23136949a9488669a0f58179ef9) Importer(815301076,1909f56bfc062723c751e8b465ee728b)  -> (artifact id: 'ca5ddb0de2042371297755e4c6ec799a') in 0.020417 seconds 
  Import took 0.023469 seconds .

========================================================================
Received Import Request.
  Time since last request: 0.000171 seconds.
  path: Assets/Prefabs/Health.prefab
  artifactKey: Guid(dbd60687588720346b273add3eac5112) Importer(815301076,1909f56bfc062723c751e8b465ee728b)
Start importing Assets/Prefabs/Health.prefab using Guid(dbd60687588720346b273add3eac5112) Importer(815301076,1909f56bfc062723c751e8b465ee728b)  -> (artifact id: '9de0f15610df5e4fec45d37bcce7c8be') in 0.007385 seconds 
  Import took 0.010268 seconds .

========================================================================
Received Import Request.
  Time since last request: 0.000180 seconds.
  path: Assets/Prefabs/Projectile.prefab
  artifactKey: Guid(5847c61d20e6ce04dbc333e41dad3ec2) Importer(815301076,1909f56bfc062723c751e8b465ee728b)
Start importing Assets/Prefabs/Projectile.prefab using Guid(5847c61d20e6ce04dbc333e41dad3ec2) Importer(815301076,1909f56bfc062723c751e8b465ee728b)  -> (artifact id: 'ecb8df3fad7fb2e37728cb0c7b5a4541') in 0.012114 seconds 
  Import took 0.015028 seconds .

========================================================================
Received Import Request.
  Time since last request: 0.000160 seconds.
  path: Assets/Prefabs/PickupEffect.prefab
  artifactKey: Guid(96e9cd9955be74842b5d6b2e427ffe16) Importer(815301076,1909f56bfc062723c751e8b465ee728b)
Start importing Assets/Prefabs/PickupEffect.prefab using Guid(96e9cd9955be74842b5d6b2e427ffe16) Importer(815301076,1909f56bfc062723c751e8b465ee728b)  -> (artifact id: 'bab4eff65fb29dff0fa2103be1d5c8d5') in 0.016349 seconds 
  Import took 0.019092 seconds .

========================================================================
Received Import Request.
  Time since last request: 0.000154 seconds.
  path: Assets/Prefabs/Enemy.prefab
  artifactKey: Guid(fabc6663cd332f94d9c3b6a1e917070b) Importer(815301076,1909f56bfc062723c751e8b465ee728b)
Start importing Assets/Prefabs/Enemy.prefab using Guid(fabc6663cd332f94d9c3b6a1e917070b) Importer(815301076,1909f56bfc062723c751e8b465ee728b)  -> (artifact id: '90ad0c466859affa2745ed0ce7d61db9') in 0.008831 seconds 
  Import took 0.011449 seconds .

========================================================================
Received Import Request.
  Time since last request: 0.000132 seconds.
  path: Assets/Prefabs/HitParticle.prefab
  artifactKey: Guid(17da090cbd3ec504ba4da073aa459073) Importer(815301076,1909f56bfc062723c751e8b465ee728b)
Start importing Assets/Prefabs/HitParticle.prefab using Guid(17da090cbd3ec504ba4da073aa459073) Importer(815301076,1909f56bfc062723c751e8b465ee728b)  -> (artifact id: 'a93c87c783318bff221646def73dc6e6') in 0.014127 seconds 
  Import took 0.016818 seconds .

========================================================================
Received Prepare
Registering precompiled user dll's ...
Registered in 0.001602 seconds.
Begin MonoManager ReloadAssembly
Native extension for OSXStandalone target not found
Refreshing native plugins compatible for Editor in 0.58 ms, found 2 plugins.
Preloading 0 native plugins for Editor in 0.00 ms.
Mono: successfully reloaded assembly
- Completed reload, in  1.020 seconds
Domain Reload Profiling:
	ReloadAssembly (1020ms)
		BeginReloadAssembly (108ms)
			ExecutionOrderSort (0ms)
			DisableScriptedObjects (5ms)
			BackupInstance (0ms)
			ReleaseScriptingObjects (0ms)
			CreateAndSetChildDomain (54ms)
		EndReloadAssembly (858ms)
			LoadAssemblies (61ms)
			RebuildTransferFunctionScriptingTraits (0ms)
			SetupTypeCache (296ms)
			ReleaseScriptCaches (1ms)
			RebuildScriptCaches (49ms)
			SetupLoadedEditorAssemblies (344ms)
				LogAssemblyErrors (0ms)
				InitializePlatformSupportModulesInManaged (4ms)
				SetLoadedEditorAssemblies (0ms)
				RefreshPlugins (1ms)
				BeforeProcessingInitializeOnLoad (91ms)
				ProcessInitializeOnLoadAttributes (207ms)
				ProcessInitializeOnLoadMethodAttributes (39ms)
				AfterProcessingInitializeOnLoad (1ms)
				EditorAssembliesLoaded (0ms)
			ExecutionOrderSort2 (0ms)
			AwakeInstancesAfterBackupRestoration (6ms)
Platform modules already initialized, skipping
Refreshing native plugins compatible for Editor in 0.61 ms, found 2 plugins.
Preloading 0 native plugins for Editor in 0.00 ms.
Unloading 2277 Unused Serialized files (Serialized files now loaded: 0)
System memory in use before: 208.6 MB.
System memory in use after: 208.8 MB.

Unloading 53 unused Assets to reduce memory usage. Loaded Objects now: 2750.
Total: 5.078038 ms (FindLiveObjects: 0.178420 ms CreateObjectMapping: 0.091368 ms MarkObjects: 4.761705 ms  DeleteObjects: 0.045549 ms)

AssetImportParameters requested are different than current active one (requested -> active):
  custom:video-decoder-ogg-theora: a1e56fd34408186e4bbccfd4996cb3dc -> 
  custom:container-muxer-webm: aa71ff27fc2769a1b78a27578f13a17b -> 
  custom:container-demuxer-webm: 4f35f7cbe854078d1ac9338744f61a02 -> 
  custom:container-demuxer-ogg: 62fdf1f143b41e24485cea50d1cbac27 -> 
  custom:video-encoder-webm-vp8: eb34c28f22e8b96e1ab97ce403110664 -> 
  custom:framework-osx-AVFoundation: e770b220cccbd017edd2c1fefb359320 -> 
  custom:video-decoder-webm-vp8: 9c59270c3fd7afecdb556c50c9e8de78 -> 
  custom:audio-decoder-ogg-vorbis: bf7c407c2cedff20999df2af8eb42d56 -> 
  custom:audio-encoder-webm-vorbis: bf7c407c2cedff20999df2af8eb42d56 -> 
========================================================================
Received Prepare
Registering precompiled user dll's ...
Registered in 0.001706 seconds.
Begin MonoManager ReloadAssembly
Native extension for OSXStandalone target not found
Refreshing native plugins compatible for Editor in 0.66 ms, found 2 plugins.
Preloading 0 native plugins for Editor in 0.00 ms.
Mono: successfully reloaded assembly
- Completed reload, in  1.017 seconds
Domain Reload Profiling:
	ReloadAssembly (1017ms)
		BeginReloadAssembly (105ms)
			ExecutionOrderSort (0ms)
			DisableScriptedObjects (5ms)
			BackupInstance (0ms)
			ReleaseScriptingObjects (0ms)
			CreateAndSetChildDomain (54ms)
		EndReloadAssembly (856ms)
			LoadAssemblies (60ms)
			RebuildTransferFunctionScriptingTraits (0ms)
			SetupTypeCache (299ms)
			ReleaseScriptCaches (1ms)
			RebuildScriptCaches (52ms)
			SetupLoadedEditorAssemblies (338ms)
				LogAssemblyErrors (0ms)
				InitializePlatformSupportModulesInManaged (4ms)
				SetLoadedEditorAssemblies (0ms)
				RefreshPlugins (1ms)
				BeforeProcessingInitializeOnLoad (90ms)
				ProcessInitializeOnLoadAttributes (201ms)
				ProcessInitializeOnLoadMethodAttributes (40ms)
				AfterProcessingInitializeOnLoad (1ms)
				EditorAssembliesLoaded (0ms)
			ExecutionOrderSort2 (0ms)
			AwakeInstancesAfterBackupRestoration (6ms)
Platform modules already initialized, skipping
Refreshing native plugins compatible for Editor in 0.64 ms, found 2 plugins.
Preloading 0 native plugins for Editor in 0.00 ms.
Unloading 2277 Unused Serialized files (Serialized files now loaded: 0)
System memory in use before: 208.8 MB.
System memory in use after: 209.0 MB.

Unloading 50 unused Assets to reduce memory usage. Loaded Objects now: 2752.
Total: 5.015054 ms (FindLiveObjects: 0.178960 ms CreateObjectMapping: 0.094966 ms MarkObjects: 4.717076 ms  DeleteObjects: 0.022751 ms)

AssetImportParameters requested are different than current active one (requested -> active):
  custom:video-decoder-ogg-theora: a1e56fd34408186e4bbccfd4996cb3dc -> 
  custom:container-muxer-webm: aa71ff27fc2769a1b78a27578f13a17b -> 
  custom:container-demuxer-webm: 4f35f7cbe854078d1ac9338744f61a02 -> 
  custom:container-demuxer-ogg: 62fdf1f143b41e24485cea50d1cbac27 -> 
  custom:video-encoder-webm-vp8: eb34c28f22e8b96e1ab97ce403110664 -> 
  custom:framework-osx-AVFoundation: e770b220cccbd017edd2c1fefb359320 -> 
  custom:video-decoder-webm-vp8: 9c59270c3fd7afecdb556c50c9e8de78 -> 
  custom:audio-decoder-ogg-vorbis: bf7c407c2cedff20999df2af8eb42d56 -> 
  custom:audio-encoder-webm-vorbis: bf7c407c2cedff20999df2af8eb42d56 -> 
========================================================================
Received Prepare
Registering precompiled user dll's ...
Registered in 0.001700 seconds.
Begin MonoManager ReloadAssembly
Native extension for OSXStandalone target not found
Refreshing native plugins compatible for Editor in 0.57 ms, found 2 plugins.
Preloading 0 native plugins for Editor in 0.00 ms.
Mono: successfully reloaded assembly
- Completed reload, in  1.000 seconds
Domain Reload Profiling:
	ReloadAssembly (1001ms)
		BeginReloadAssembly (103ms)
			ExecutionOrderSort (0ms)
			DisableScriptedObjects (5ms)
			BackupInstance (0ms)
			ReleaseScriptingObjects (0ms)
			CreateAndSetChildDomain (52ms)
		EndReloadAssembly (842ms)
			LoadAssemblies (61ms)
			RebuildTransferFunctionScriptingTraits (0ms)
			SetupTypeCache (292ms)
			ReleaseScriptCaches (1ms)
			RebuildScriptCaches (50ms)
			SetupLoadedEditorAssemblies (337ms)
				LogAssemblyErrors (0ms)
				InitializePlatformSupportModulesInManaged (3ms)
				SetLoadedEditorAssemblies (0ms)
				RefreshPlugins (1ms)
				BeforeProcessingInitializeOnLoad (89ms)
				ProcessInitializeOnLoadAttributes (204ms)
				ProcessInitializeOnLoadMethodAttributes (38ms)
				AfterProcessingInitializeOnLoad (1ms)
				EditorAssembliesLoaded (0ms)
			ExecutionOrderSort2 (0ms)
			AwakeInstancesAfterBackupRestoration (6ms)
Platform modules already initialized, skipping
Refreshing native plugins compatible for Editor in 0.59 ms, found 2 plugins.
Preloading 0 native plugins for Editor in 0.00 ms.
Unloading 2277 Unused Serialized files (Serialized files now loaded: 0)
System memory in use before: 209.0 MB.
System memory in use after: 209.2 MB.

Unloading 50 unused Assets to reduce memory usage. Loaded Objects now: 2754.
Total: 4.821996 ms (FindLiveObjects: 0.168518 ms CreateObjectMapping: 0.087703 ms MarkObjects: 4.543165 ms  DeleteObjects: 0.021200 ms)

AssetImportParameters requested are different than current active one (requested -> active):
  custom:video-decoder-ogg-theora: a1e56fd34408186e4bbccfd4996cb3dc -> 
  custom:container-muxer-webm: aa71ff27fc2769a1b78a27578f13a17b -> 
  custom:container-demuxer-webm: 4f35f7cbe854078d1ac9338744f61a02 -> 
  custom:container-demuxer-ogg: 62fdf1f143b41e24485cea50d1cbac27 -> 
  custom:video-encoder-webm-vp8: eb34c28f22e8b96e1ab97ce403110664 -> 
  custom:framework-osx-AVFoundation: e770b220cccbd017edd2c1fefb359320 -> 
  custom:video-decoder-webm-vp8: 9c59270c3fd7afecdb556c50c9e8de78 -> 
  custom:audio-decoder-ogg-vorbis: bf7c407c2cedff20999df2af8eb42d56 -> 
  custom:audio-encoder-webm-vorbis: bf7c407c2cedff20999df2af8eb42d56 -> 
========================================================================
Received Prepare
Registering precompiled user dll's ...
Registered in 0.001717 seconds.
Begin MonoManager ReloadAssembly
Native extension for OSXStandalone target not found
Refreshing native plugins compatible for Editor in 0.62 ms, found 2 plugins.
Preloading 0 native plugins for Editor in 0.00 ms.
Mono: successfully reloaded assembly
- Completed reload, in  1.002 seconds
Domain Reload Profiling:
	ReloadAssembly (1002ms)
		BeginReloadAssembly (103ms)
			ExecutionOrderSort (0ms)
			DisableScriptedObjects (5ms)
			BackupInstance (0ms)
			ReleaseScriptingObjects (0ms)
			CreateAndSetChildDomain (49ms)
		EndReloadAssembly (844ms)
			LoadAssemblies (62ms)
			RebuildTransferFunctionScriptingTraits (0ms)
			SetupTypeCache (292ms)
			ReleaseScriptCaches (1ms)
			RebuildScriptCaches (50ms)
			SetupLoadedEditorAssemblies (336ms)
				LogAssemblyErrors (0ms)
				InitializePlatformSupportModulesInManaged (4ms)
				SetLoadedEditorAssemblies (0ms)
				RefreshPlugins (1ms)
				BeforeProcessingInitializeOnLoad (90ms)
				ProcessInitializeOnLoadAttributes (202ms)
				ProcessInitializeOnLoadMethodAttributes (39ms)
				AfterProcessingInitializeOnLoad (1ms)
				EditorAssembliesLoaded (0ms)
			ExecutionOrderSort2 (0ms)
			AwakeInstancesAfterBackupRestoration (6ms)
Platform modules already initialized, skipping
Refreshing native plugins compatible for Editor in 0.43 ms, found 2 plugins.
Preloading 0 native plugins for Editor in 0.00 ms.
Unloading 2277 Unused Serialized files (Serialized files now loaded: 0)
System memory in use before: 209.2 MB.
System memory in use after: 209.4 MB.

Unloading 50 unused Assets to reduce memory usage. Loaded Objects now: 2756.
Total: 4.566662 ms (FindLiveObjects: 0.149547 ms CreateObjectMapping: 0.079671 ms MarkObjects: 4.321313 ms  DeleteObjects: 0.015530 ms)

AssetImportParameters requested are different than current active one (requested -> active):
  custom:video-decoder-ogg-theora: a1e56fd34408186e4bbccfd4996cb3dc -> 
  custom:container-muxer-webm: aa71ff27fc2769a1b78a27578f13a17b -> 
  custom:container-demuxer-webm: 4f35f7cbe854078d1ac9338744f61a02 -> 
  custom:container-demuxer-ogg: 62fdf1f143b41e24485cea50d1cbac27 -> 
  custom:video-encoder-webm-vp8: eb34c28f22e8b96e1ab97ce403110664 -> 
  custom:framework-osx-AVFoundation: e770b220cccbd017edd2c1fefb359320 -> 
  custom:video-decoder-webm-vp8: 9c59270c3fd7afecdb556c50c9e8de78 -> 
  custom:audio-decoder-ogg-vorbis: bf7c407c2cedff20999df2af8eb42d56 -> 
  custom:audio-encoder-webm-vorbis: bf7c407c2cedff20999df2af8eb42d56 -> 
========================================================================
Received Import Request.
  Time since last request: 596.294986 seconds.
  path: ProjectSettings/TagManager.asset
  artifactKey: Guid(00000000000000003000000000000000) Importer(815301076,1909f56bfc062723c751e8b465ee728b)
Start importing ProjectSettings/TagManager.asset using Guid(00000000000000003000000000000000) Importer(815301076,1909f56bfc062723c751e8b465ee728b)  -> (artifact id: 'dcc58d4a26103f3c2dfe966e99bff41b') in 0.237738 seconds 
  Import took 0.243753 seconds .

========================================================================
Received Prepare
Registering precompiled user dll's ...
Registered in 0.001736 seconds.
Begin MonoManager ReloadAssembly
Native extension for OSXStandalone target not found
Refreshing native plugins compatible for Editor in 0.62 ms, found 2 plugins.
Preloading 0 native plugins for Editor in 0.00 ms.
Mono: successfully reloaded assembly
- Completed reload, in  1.026 seconds
Domain Reload Profiling:
	ReloadAssembly (1026ms)
		BeginReloadAssembly (105ms)
			ExecutionOrderSort (0ms)
			DisableScriptedObjects (5ms)
			BackupInstance (0ms)
			ReleaseScriptingObjects (0ms)
			CreateAndSetChildDomain (53ms)
		EndReloadAssembly (866ms)
			LoadAssemblies (62ms)
			RebuildTransferFunctionScriptingTraits (0ms)
			SetupTypeCache (310ms)
			ReleaseScriptCaches (1ms)
			RebuildScriptCaches (51ms)
			SetupLoadedEditorAssemblies (339ms)
				LogAssemblyErrors (0ms)
				InitializePlatformSupportModulesInManaged (4ms)
				SetLoadedEditorAssemblies (0ms)
				RefreshPlugins (1ms)
				BeforeProcessingInitializeOnLoad (90ms)
				ProcessInitializeOnLoadAttributes (205ms)
				ProcessInitializeOnLoadMethodAttributes (38ms)
				AfterProcessingInitializeOnLoad (1ms)
				EditorAssembliesLoaded (0ms)
			ExecutionOrderSort2 (0ms)
			AwakeInstancesAfterBackupRestoration (6ms)
Platform modules already initialized, skipping
Refreshing native plugins compatible for Editor in 0.57 ms, found 2 plugins.
Preloading 0 native plugins for Editor in 0.00 ms.
Unloading 2277 Unused Serialized files (Serialized files now loaded: 0)
System memory in use before: 213.5 MB.
System memory in use after: 213.7 MB.

Unloading 51 unused Assets to reduce memory usage. Loaded Objects now: 2758.
Total: 4.692958 ms (FindLiveObjects: 0.168688 ms CreateObjectMapping: 0.084109 ms MarkObjects: 4.422623 ms  DeleteObjects: 0.016997 ms)

AssetImportParameters requested are different than current active one (requested -> active):
  custom:video-decoder-ogg-theora: a1e56fd34408186e4bbccfd4996cb3dc -> 
  custom:container-muxer-webm: aa71ff27fc2769a1b78a27578f13a17b -> 
  custom:container-demuxer-webm: 4f35f7cbe854078d1ac9338744f61a02 -> 
  custom:container-demuxer-ogg: 62fdf1f143b41e24485cea50d1cbac27 -> 
  custom:video-encoder-webm-vp8: eb34c28f22e8b96e1ab97ce403110664 -> 
  custom:framework-osx-AVFoundation: e770b220cccbd017edd2c1fefb359320 -> 
  custom:video-decoder-webm-vp8: 9c59270c3fd7afecdb556c50c9e8de78 -> 
  custom:audio-decoder-ogg-vorbis: bf7c407c2cedff20999df2af8eb42d56 -> 
  custom:audio-encoder-webm-vorbis: bf7c407c2cedff20999df2af8eb42d56 -> 
========================================================================
Received Prepare
Registering precompiled user dll's ...
Registered in 0.001775 seconds.
Begin MonoManager ReloadAssembly
Native extension for OSXStandalone target not found
Refreshing native plugins compatible for Editor in 0.59 ms, found 2 plugins.
Preloading 0 native plugins for Editor in 0.00 ms.
Mono: successfully reloaded assembly
- Completed reload, in  1.029 seconds
Domain Reload Profiling:
	ReloadAssembly (1030ms)
		BeginReloadAssembly (107ms)
			ExecutionOrderSort (0ms)
			DisableScriptedObjects (5ms)
			BackupInstance (0ms)
			ReleaseScriptingObjects (0ms)
			CreateAndSetChildDomain (53ms)
		EndReloadAssembly (866ms)
			LoadAssemblies (63ms)
			RebuildTransferFunctionScriptingTraits (0ms)
			SetupTypeCache (300ms)
			ReleaseScriptCaches (1ms)
			RebuildScriptCaches (53ms)
			SetupLoadedEditorAssemblies (344ms)
				LogAssemblyErrors (0ms)
				InitializePlatformSupportModulesInManaged (4ms)
				SetLoadedEditorAssemblies (1ms)
				RefreshPlugins (1ms)
				BeforeProcessingInitializeOnLoad (91ms)
				ProcessInitializeOnLoadAttributes (207ms)
				ProcessInitializeOnLoadMethodAttributes (40ms)
				AfterProcessingInitializeOnLoad (1ms)
				EditorAssembliesLoaded (0ms)
			ExecutionOrderSort2 (0ms)
			AwakeInstancesAfterBackupRestoration (6ms)
Platform modules already initialized, skipping
Refreshing native plugins compatible for Editor in 0.52 ms, found 2 plugins.
Preloading 0 native plugins for Editor in 0.00 ms.
Unloading 2277 Unused Serialized files (Serialized files now loaded: 0)
System memory in use before: 213.8 MB.
System memory in use after: 214.0 MB.

Unloading 50 unused Assets to reduce memory usage. Loaded Objects now: 2760.
Total: 6.070859 ms (FindLiveObjects: 0.175215 ms CreateObjectMapping: 0.107174 ms MarkObjects: 5.756545 ms  DeleteObjects: 0.030795 ms)

AssetImportParameters requested are different than current active one (requested -> active):
  custom:video-decoder-ogg-theora: a1e56fd34408186e4bbccfd4996cb3dc -> 
  custom:container-muxer-webm: aa71ff27fc2769a1b78a27578f13a17b -> 
  custom:container-demuxer-webm: 4f35f7cbe854078d1ac9338744f61a02 -> 
  custom:container-demuxer-ogg: 62fdf1f143b41e24485cea50d1cbac27 -> 
  custom:video-encoder-webm-vp8: eb34c28f22e8b96e1ab97ce403110664 -> 
  custom:framework-osx-AVFoundation: e770b220cccbd017edd2c1fefb359320 -> 
  custom:video-decoder-webm-vp8: 9c59270c3fd7afecdb556c50c9e8de78 -> 
  custom:audio-decoder-ogg-vorbis: bf7c407c2cedff20999df2af8eb42d56 -> 
  custom:audio-encoder-webm-vorbis: bf7c407c2cedff20999df2af8eb42d56 -> 
========================================================================
Received Prepare
Registering precompiled user dll's ...
Registered in 0.001702 seconds.
Begin MonoManager ReloadAssembly
Native extension for OSXStandalone target not found
Refreshing native plugins compatible for Editor in 0.60 ms, found 2 plugins.
Preloading 0 native plugins for Editor in 0.00 ms.
Mono: successfully reloaded assembly
- Completed reload, in  1.031 seconds
Domain Reload Profiling:
	ReloadAssembly (1031ms)
		BeginReloadAssembly (101ms)
			ExecutionOrderSort (0ms)
			DisableScriptedObjects (5ms)
			BackupInstance (0ms)
			ReleaseScriptingObjects (0ms)
			CreateAndSetChildDomain (48ms)
		EndReloadAssembly (876ms)
			LoadAssemblies (62ms)
			RebuildTransferFunctionScriptingTraits (0ms)
			SetupTypeCache (301ms)
			ReleaseScriptCaches (1ms)
			RebuildScriptCaches (53ms)
			SetupLoadedEditorAssemblies (352ms)
				LogAssemblyErrors (0ms)
				InitializePlatformSupportModulesInManaged (4ms)
				SetLoadedEditorAssemblies (0ms)
				RefreshPlugins (1ms)
				BeforeProcessingInitializeOnLoad (93ms)
				ProcessInitializeOnLoadAttributes (213ms)
				ProcessInitializeOnLoadMethodAttributes (39ms)
				AfterProcessingInitializeOnLoad (1ms)
				EditorAssembliesLoaded (0ms)
			ExecutionOrderSort2 (0ms)
			AwakeInstancesAfterBackupRestoration (6ms)
Platform modules already initialized, skipping
Refreshing native plugins compatible for Editor in 0.60 ms, found 2 plugins.
Preloading 0 native plugins for Editor in 0.00 ms.
Unloading 2277 Unused Serialized files (Serialized files now loaded: 0)
System memory in use before: 214.0 MB.
System memory in use after: 214.2 MB.

Unloading 50 unused Assets to reduce memory usage. Loaded Objects now: 2762.
Total: 4.697729 ms (FindLiveObjects: 0.154321 ms CreateObjectMapping: 0.082323 ms MarkObjects: 4.443515 ms  DeleteObjects: 0.016958 ms)

AssetImportParameters requested are different than current active one (requested -> active):
  custom:video-decoder-ogg-theora: a1e56fd34408186e4bbccfd4996cb3dc -> 
  custom:container-muxer-webm: aa71ff27fc2769a1b78a27578f13a17b -> 
  custom:container-demuxer-webm: 4f35f7cbe854078d1ac9338744f61a02 -> 
  custom:container-demuxer-ogg: 62fdf1f143b41e24485cea50d1cbac27 -> 
  custom:video-encoder-webm-vp8: eb34c28f22e8b96e1ab97ce403110664 -> 
  custom:framework-osx-AVFoundation: e770b220cccbd017edd2c1fefb359320 -> 
  custom:video-decoder-webm-vp8: 9c59270c3fd7afecdb556c50c9e8de78 -> 
  custom:audio-decoder-ogg-vorbis: bf7c407c2cedff20999df2af8eb42d56 -> 
  custom:audio-encoder-webm-vorbis: bf7c407c2cedff20999df2af8eb42d56 -> 
========================================================================
Received Import Request.
  Time since last request: 2464.498617 seconds.
  path: Assets/Art/TilemapPalettes
  artifactKey: Guid(43adc56afb7c2aa429273404a5c3bfd9) Importer(815301076,1909f56bfc062723c751e8b465ee728b)
Start importing Assets/Art/TilemapPalettes using Guid(43adc56afb7c2aa429273404a5c3bfd9) Importer(815301076,1909f56bfc062723c751e8b465ee728b)  -> (artifact id: 'a85b95b06189f7df5270ea345bbbb8f2') in 0.003598 seconds 
  Import took 0.006552 seconds .

========================================================================
Received Import Request.
  Time since last request: 0.056723 seconds.
  path: Assets/Art/TilemapPalettes/FloorBricksToGrassCorner0.asset
  artifactKey: Guid(9178fac222519194ab3632c3ad327211) Importer(815301076,1909f56bfc062723c751e8b465ee728b)
Start importing Assets/Art/TilemapPalettes/FloorBricksToGrassCorner0.asset using Guid(9178fac222519194ab3632c3ad327211) Importer(815301076,1909f56bfc062723c751e8b465ee728b)  -> (artifact id: 'f8fa018ef070921afa5f3ee927f75a6d') in 0.050341 seconds 
  Import took 0.053342 seconds .

========================================================================
Received Import Request.
  Time since last request: 0.000154 seconds.
  path: Assets/Art/TilemapPalettes/FloorGrassToBricksSquare1.asset
  artifactKey: Guid(68c2a8b7fb04d4d41bf36aba16434303) Importer(815301076,1909f56bfc062723c751e8b465ee728b)
Start importing Assets/Art/TilemapPalettes/FloorGrassToBricksSquare1.asset using Guid(68c2a8b7fb04d4d41bf36aba16434303) Importer(815301076,1909f56bfc062723c751e8b465ee728b)  -> (artifact id: '1d6d5e01045978e2a9f2ab525b97e389') in 0.007541 seconds 
  Import took 0.010159 seconds .

========================================================================
Received Import Request.
  Time since last request: 0.000155 seconds.
  path: Assets/Art/TilemapPalettes/FloorWaterRoundCorners8.asset
  artifactKey: Guid(9f315f0af6c762f429e470c08b8a2d0c) Importer(815301076,1909f56bfc062723c751e8b465ee728b)
Start importing Assets/Art/TilemapPalettes/FloorWaterRoundCorners8.asset using Guid(9f315f0af6c762f429e470c08b8a2d0c) Importer(815301076,1909f56bfc062723c751e8b465ee728b)  -> (artifact id: 'b9d0ed5ee858281e89e86801190dfeb8') in 0.005701 seconds 
  Import took 0.008397 seconds .

========================================================================
Received Import Request.
  Time since last request: 0.000169 seconds.
  path: Assets/Art/TilemapPalettes/FloorGrassToBricksCorner6.asset
  artifactKey: Guid(5ab0382d2df85d8439e40f8200b63f2b) Importer(815301076,1909f56bfc062723c751e8b465ee728b)
Start importing Assets/Art/TilemapPalettes/FloorGrassToBricksCorner6.asset using Guid(5ab0382d2df85d8439e40f8200b63f2b) Importer(815301076,1909f56bfc062723c751e8b465ee728b)  -> (artifact id: '5f61b373ac066c7bd69a9db0d2bef2e5') in 0.015834 seconds 
  Import took 0.018635 seconds .

========================================================================
Received Import Request.
  Time since last request: 0.000130 seconds.
  path: Assets/Art/TilemapPalettes/FloorGrassToBricksSquare8.asset
  artifactKey: Guid(6353da6aeb7f86c4aad3939f5b809e7f) Importer(815301076,1909f56bfc062723c751e8b465ee728b)
Start importing Assets/Art/TilemapPalettes/FloorGrassToBricksSquare8.asset using Guid(6353da6aeb7f86c4aad3939f5b809e7f) Importer(815301076,1909f56bfc062723c751e8b465ee728b)  -> (artifact id: '8abf300b25c7e29170ab583fb58d1965') in 0.006622 seconds 
  Import took 0.009252 seconds .

========================================================================
Received Import Request.
  Time since last request: 0.000173 seconds.
  path: Assets/Art/TilemapPalettes/FloorBricksToGrassCorner8.asset
  artifactKey: Guid(212d44572c184364ca3411561d16fa51) Importer(815301076,1909f56bfc062723c751e8b465ee728b)
Start importing Assets/Art/TilemapPalettes/FloorBricksToGrassCorner8.asset using Guid(212d44572c184364ca3411561d16fa51) Importer(815301076,1909f56bfc062723c751e8b465ee728b)  -> (artifact id: 'a75126d581757db882a7b77166f6767e') in 0.010136 seconds 
  Import took 0.014067 seconds .

========================================================================
Received Import Request.
  Time since last request: 0.000220 seconds.
  path: Assets/Art/TilemapPalettes/FloorWaterRoundCorners6.asset
  artifactKey: Guid(6ab5fa6fb26491f45a359313ea7ad448) Importer(815301076,1909f56bfc062723c751e8b465ee728b)
Start importing Assets/Art/TilemapPalettes/FloorWaterRoundCorners6.asset using Guid(6ab5fa6fb26491f45a359313ea7ad448) Importer(815301076,1909f56bfc062723c751e8b465ee728b)  -> (artifact id: 'd6f32662f2a1a6caa1288f0188f53153') in 0.006022 seconds 
  Import took 0.009038 seconds .

========================================================================
Received Import Request.
  Time since last request: 0.000161 seconds.
  path: Assets/Art/TilemapPalettes/FloorGrassToBricksSquare4.asset
  artifactKey: Guid(ab7eaea08efca0c47a23517740f6548a) Importer(815301076,1909f56bfc062723c751e8b465ee728b)
Start importing Assets/Art/TilemapPalettes/FloorGrassToBricksSquare4.asset using Guid(ab7eaea08efca0c47a23517740f6548a) Importer(815301076,1909f56bfc062723c751e8b465ee728b)  -> (artifact id: '9fa6c2ed312ffb638540b94a8adac1c0') in 0.009985 seconds 
  Import took 0.012798 seconds .

========================================================================
Received Import Request.
  Time since last request: 0.000146 seconds.
  path: Assets/Art/TilemapPalettes/FloorGrassToBricksCorner7.asset
  artifactKey: Guid(85d5c001f5678854ba81d46bdb021c79) Importer(815301076,1909f56bfc062723c751e8b465ee728b)
Start importing Assets/Art/TilemapPalettes/FloorGrassToBricksCorner7.asset using Guid(85d5c001f5678854ba81d46bdb021c79) Importer(815301076,1909f56bfc062723c751e8b465ee728b)  -> (artifact id: 'a4f3067063d516979f21647e9f7a7580') in 0.021714 seconds 
  Import took 0.024607 seconds .

========================================================================
Received Import Request.
  Time since last request: 0.000158 seconds.
  path: Assets/Art/TilemapPalettes/FloorBricksToGrassSquare2.asset
  artifactKey: Guid(e9eb87770b279994cae09d88f0fe2621) Importer(815301076,1909f56bfc062723c751e8b465ee728b)
Start importing Assets/Art/TilemapPalettes/FloorBricksToGrassSquare2.asset using Guid(e9eb87770b279994cae09d88f0fe2621) Importer(815301076,1909f56bfc062723c751e8b465ee728b)  -> (artifact id: '595b86dd1602718d508f73d9db868752') in 0.015147 seconds 
  Import took 0.017877 seconds .

========================================================================
Received Import Request.
  Time since last request: 0.000192 seconds.
  path: Assets/Art/TilemapPalettes/FloorWaterSquareCorners3.asset
  artifactKey: Guid(607aeef2e820e374eaa2bf79ae64427f) Importer(815301076,1909f56bfc062723c751e8b465ee728b)
Start importing Assets/Art/TilemapPalettes/FloorWaterSquareCorners3.asset using Guid(607aeef2e820e374eaa2bf79ae64427f) Importer(815301076,1909f56bfc062723c751e8b465ee728b)  -> (artifact id: '5794f61150ed18fc493f4b59b12b8633') in 0.006295 seconds 
  Import took 0.010418 seconds .

========================================================================
Received Import Request.
  Time since last request: 0.000158 seconds.
  path: Assets/Art/TilemapPalettes/FloorGrassToBricksCorner1.asset
  artifactKey: Guid(35642f499ec12a04ba651be496c3b24c) Importer(815301076,1909f56bfc062723c751e8b465ee728b)
Start importing Assets/Art/TilemapPalettes/FloorGrassToBricksCorner1.asset using Guid(35642f499ec12a04ba651be496c3b24c) Importer(815301076,1909f56bfc062723c751e8b465ee728b)  -> (artifact id: '78127929068cd20338b132c1cef33a30') in 0.009806 seconds 
  Import took 0.012556 seconds .

========================================================================
Received Import Request.
  Time since last request: 0.000162 seconds.
  path: Assets/Art/TilemapPalettes/FloorWaterRoundCorners7.asset
  artifactKey: Guid(bc3c7531105ba96418069dc44de1ee35) Importer(815301076,1909f56bfc062723c751e8b465ee728b)
Start importing Assets/Art/TilemapPalettes/FloorWaterRoundCorners7.asset using Guid(bc3c7531105ba96418069dc44de1ee35) Importer(815301076,1909f56bfc062723c751e8b465ee728b)  -> (artifact id: '39d5fdce669ac148dad5f186c28fbea1') in 0.005631 seconds 
  Import took 0.008318 seconds .

========================================================================
Received Import Request.
  Time since last request: 0.000155 seconds.
  path: Assets/Art/TilemapPalettes/FloorWaterRoundCorners5.asset
  artifactKey: Guid(03b982ce36a4128429f16256614e654a) Importer(815301076,1909f56bfc062723c751e8b465ee728b)
Start importing Assets/Art/TilemapPalettes/FloorWaterRoundCorners5.asset using Guid(03b982ce36a4128429f16256614e654a) Importer(815301076,1909f56bfc062723c751e8b465ee728b)  -> (artifact id: '35d31db6494e97cb4472e3a168226f4c') in 0.014088 seconds 
  Import took 0.016743 seconds .

========================================================================
Received Import Request.
  Time since last request: 0.000145 seconds.
  path: Assets/Art/TilemapPalettes/FloorGrassToBricksCorner4.asset
  artifactKey: Guid(63a5bd92ab6c32247b2a042a4950be2b) Importer(815301076,1909f56bfc062723c751e8b465ee728b)
Start importing Assets/Art/TilemapPalettes/FloorGrassToBricksCorner4.asset using Guid(63a5bd92ab6c32247b2a042a4950be2b) Importer(815301076,1909f56bfc062723c751e8b465ee728b)  -> (artifact id: '8fa2a1d471761405f4070d7d73f1c608') in 0.014053 seconds 
  Import took 0.016589 seconds .

========================================================================
Received Import Request.
  Time since last request: 0.000151 seconds.
  path: Assets/Art/TilemapPalettes/FloorWaterSquareCorners5.asset
  artifactKey: Guid(d3dd8e054672db24aa47cf852a55aada) Importer(815301076,1909f56bfc062723c751e8b465ee728b)
Start importing Assets/Art/TilemapPalettes/FloorWaterSquareCorners5.asset using Guid(d3dd8e054672db24aa47cf852a55aada) Importer(815301076,1909f56bfc062723c751e8b465ee728b)  -> (artifact id: '07310bd61ea87f52ecfcf7f7630b0b3e') in 0.013984 seconds 
  Import took 0.016579 seconds .

========================================================================
Received Import Request.
  Time since last request: 0.000182 seconds.
  path: Assets/Art/TilemapPalettes/FloorPalette.prefab
  artifactKey: Guid(7b4855a3718eea54c89dcf127f63a102) Importer(815301076,1909f56bfc062723c751e8b465ee728b)
Start importing Assets/Art/TilemapPalettes/FloorPalette.prefab using Guid(7b4855a3718eea54c89dcf127f63a102) Importer(815301076,1909f56bfc062723c751e8b465ee728b)  -> (artifact id: '7ddd731392fa61e134e25565fe07ac70') in 0.043015 seconds 
  Import took 0.046057 seconds .

========================================================================
Received Import Request.
  Time since last request: 0.000162 seconds.
  path: Assets/Art/TilemapPalettes/FloorGrassToBricksSquare2.asset
  artifactKey: Guid(31afdfed8f720c34dbc15a24fa2506b9) Importer(815301076,1909f56bfc062723c751e8b465ee728b)
Start importing Assets/Art/TilemapPalettes/FloorGrassToBricksSquare2.asset using Guid(31afdfed8f720c34dbc15a24fa2506b9) Importer(815301076,1909f56bfc062723c751e8b465ee728b)  -> (artifact id: '4abb21e4adcbe48eefc89e0f51e7531f') in 0.007371 seconds 
  Import took 0.010613 seconds .

========================================================================
Received Import Request.
  Time since last request: 0.000159 seconds.
  path: Assets/Art/TilemapPalettes/FloorBricksToGrassCorner2.asset
  artifactKey: Guid(85d6eabb4f5d43e4f8801f4ad0f30051) Importer(815301076,1909f56bfc062723c751e8b465ee728b)
Start importing Assets/Art/TilemapPalettes/FloorBricksToGrassCorner2.asset using Guid(85d6eabb4f5d43e4f8801f4ad0f30051) Importer(815301076,1909f56bfc062723c751e8b465ee728b)  -> (artifact id: 'a9889b7f549cfae5fbdddf5e21fc646f') in 0.015517 seconds 
  Import took 0.018199 seconds .

========================================================================
Received Import Request.
  Time since last request: 0.000144 seconds.
  path: Assets/Art/TilemapPalettes/FloorGrassToBricksSquare3.asset
  artifactKey: Guid(b2d0d670d97402c40b39f9fd540f7599) Importer(815301076,1909f56bfc062723c751e8b465ee728b)
Start importing Assets/Art/TilemapPalettes/FloorGrassToBricksSquare3.asset using Guid(b2d0d670d97402c40b39f9fd540f7599) Importer(815301076,1909f56bfc062723c751e8b465ee728b)  -> (artifact id: '9f2a64f523c37c518a37abac7a0594ea') in 0.015333 seconds 
  Import took 0.018661 seconds .

========================================================================
Received Import Request.
  Time since last request: 0.000158 seconds.
  path: Assets/Art/TilemapPalettes/FloorBricksToGrassCorner5.asset
  artifactKey: Guid(aa13a703dd868bb4ea255c3859fcb6e2) Importer(815301076,1909f56bfc062723c751e8b465ee728b)
Start importing Assets/Art/TilemapPalettes/FloorBricksToGrassCorner5.asset using Guid(aa13a703dd868bb4ea255c3859fcb6e2) Importer(815301076,1909f56bfc062723c751e8b465ee728b)  -> (artifact id: 'a7d6dc1c2c1a5ed0593006db0a14a060') in 0.005745 seconds 
  Import took 0.008414 seconds .

========================================================================
Received Import Request.
  Time since last request: 0.000182 seconds.
  path: Assets/Art/TilemapPalettes/FloorBricksToGrassSquare4.asset
  artifactKey: Guid(0e9532186c12594478749f2025f7355e) Importer(815301076,1909f56bfc062723c751e8b465ee728b)
Start importing Assets/Art/TilemapPalettes/FloorBricksToGrassSquare4.asset using Guid(0e9532186c12594478749f2025f7355e) Importer(815301076,1909f56bfc062723c751e8b465ee728b)  -> (artifact id: '3f2cf1172618c8fd989f9ab43ab25712') in 0.013356 seconds 
  Import took 0.016016 seconds .

========================================================================
Received Import Request.
  Time since last request: 0.000176 seconds.
  path: Assets/Art/TilemapPalettes/FloorWaterSquareCorners4.asset
  artifactKey: Guid(c84673ae1eb1995418a0c38b8b253875) Importer(815301076,1909f56bfc062723c751e8b465ee728b)
Start importing Assets/Art/TilemapPalettes/FloorWaterSquareCorners4.asset using Guid(c84673ae1eb1995418a0c38b8b253875) Importer(815301076,1909f56bfc062723c751e8b465ee728b)  -> (artifact id: 'b39f6bbd838b95dbe9a10ee94ca29896') in 0.014869 seconds 
  Import took 0.017538 seconds .

========================================================================
Received Import Request.
  Time since last request: 0.000159 seconds.
  path: Assets/Art/TilemapPalettes/FloorWaterRoundCorners1.asset
  artifactKey: Guid(61cc8d0cea0d7b54298158c2585a7563) Importer(815301076,1909f56bfc062723c751e8b465ee728b)
Start importing Assets/Art/TilemapPalettes/FloorWaterRoundCorners1.asset using Guid(61cc8d0cea0d7b54298158c2585a7563) Importer(815301076,1909f56bfc062723c751e8b465ee728b)  -> (artifact id: 'cafc86c87aea635ed8413e061b8b99d1') in 0.005915 seconds 
  Import took 0.008507 seconds .

========================================================================
Received Import Request.
  Time since last request: 0.000136 seconds.
  path: Assets/Art/TilemapPalettes/FloorGrassToBricksCorner3.asset
  artifactKey: Guid(a4b84551781929444b36f27d7a2ca736) Importer(815301076,1909f56bfc062723c751e8b465ee728b)
Start importing Assets/Art/TilemapPalettes/FloorGrassToBricksCorner3.asset using Guid(a4b84551781929444b36f27d7a2ca736) Importer(815301076,1909f56bfc062723c751e8b465ee728b)  -> (artifact id: '6b4b65d3ab4ce27ce8db6c315da68245') in 0.007281 seconds 
  Import took 0.009880 seconds .

========================================================================
Received Import Request.
  Time since last request: 0.000149 seconds.
  path: Assets/Art/TilemapPalettes/FloorBricksToGrassSquare0.asset
  artifactKey: Guid(38a803b6d284fcf4c989bc4c098572c1) Importer(815301076,1909f56bfc062723c751e8b465ee728b)
Start importing Assets/Art/TilemapPalettes/FloorBricksToGrassSquare0.asset using Guid(38a803b6d284fcf4c989bc4c098572c1) Importer(815301076,1909f56bfc062723c751e8b465ee728b)  -> (artifact id: '013f45cbc2ddf59637bf6e11c79a355b') in 0.011667 seconds 
  Import took 0.014350 seconds .

========================================================================
Received Import Request.
  Time since last request: 0.000153 seconds.
  path: Assets/Art/TilemapPalettes/FloorWaterSquareCorners6.asset
  artifactKey: Guid(fa2a2b0f17dbc434aa8c5df28fb88443) Importer(815301076,1909f56bfc062723c751e8b465ee728b)
Start importing Assets/Art/TilemapPalettes/FloorWaterSquareCorners6.asset using Guid(fa2a2b0f17dbc434aa8c5df28fb88443) Importer(815301076,1909f56bfc062723c751e8b465ee728b)  -> (artifact id: '46d590a5c016c523b432d12bee63b97b') in 0.015006 seconds 
  Import took 0.018414 seconds .

========================================================================
Received Import Request.
  Time since last request: 0.000232 seconds.
  path: Assets/Art/TilemapPalettes/FloorGrassToBricksSquare6.asset
  artifactKey: Guid(56c5f552b7770dd428aa8e1131c544da) Importer(815301076,1909f56bfc062723c751e8b465ee728b)
Start importing Assets/Art/TilemapPalettes/FloorGrassToBricksSquare6.asset using Guid(56c5f552b7770dd428aa8e1131c544da) Importer(815301076,1909f56bfc062723c751e8b465ee728b)  -> (artifact id: 'a7aad97e0ebf294a157ebdabee32dc17') in 0.015169 seconds 
  Import took 0.018968 seconds .

========================================================================
Received Import Request.
  Time since last request: 0.000151 seconds.
  path: Assets/Art/TilemapPalettes/FloorWaterSquareCorners1.asset
  artifactKey: Guid(4eb6dacafb48d4047bf37b9478e4e364) Importer(815301076,1909f56bfc062723c751e8b465ee728b)
Start importing Assets/Art/TilemapPalettes/FloorWaterSquareCorners1.asset using Guid(4eb6dacafb48d4047bf37b9478e4e364) Importer(815301076,1909f56bfc062723c751e8b465ee728b)  -> (artifact id: '9fa3eb87eea22d87ba0b2c7118441024') in 0.005614 seconds 
  Import took 0.008165 seconds .

========================================================================
Received Import Request.
  Time since last request: 0.000170 seconds.
  path: Assets/Art/TilemapPalettes/FloorWaterRoundCorners4.asset
  artifactKey: Guid(470aeb7c1cebe514eb9b468fa9f5590d) Importer(815301076,1909f56bfc062723c751e8b465ee728b)
Start importing Assets/Art/TilemapPalettes/FloorWaterRoundCorners4.asset using Guid(470aeb7c1cebe514eb9b468fa9f5590d) Importer(815301076,1909f56bfc062723c751e8b465ee728b)  -> (artifact id: 'e1a54377fe3f0eb73d87e3a1b561fb4c') in 0.018653 seconds 
  Import took 0.021566 seconds .

========================================================================
Received Import Request.
  Time since last request: 0.000183 seconds.
  path: Assets/Art/TilemapPalettes/FloorBricksToGrassCorner6.asset
  artifactKey: Guid(b154d1a0fb5949840a66fd7290cdb3d3) Importer(815301076,1909f56bfc062723c751e8b465ee728b)
Start importing Assets/Art/TilemapPalettes/FloorBricksToGrassCorner6.asset using Guid(b154d1a0fb5949840a66fd7290cdb3d3) Importer(815301076,1909f56bfc062723c751e8b465ee728b)  -> (artifact id: '5dbde50b2adef538a54b78b6ca2fafcc') in 0.008881 seconds 
  Import took 0.011659 seconds .

========================================================================
Received Import Request.
  Time since last request: 0.000150 seconds.
  path: Assets/Art/TilemapPalettes/FloorWaterSquareCorners2.asset
  artifactKey: Guid(9abdd3ec750b695449429af3c3a3bc8f) Importer(815301076,1909f56bfc062723c751e8b465ee728b)
Start importing Assets/Art/TilemapPalettes/FloorWaterSquareCorners2.asset using Guid(9abdd3ec750b695449429af3c3a3bc8f) Importer(815301076,1909f56bfc062723c751e8b465ee728b)  -> (artifact id: '6bb2bb6bfc7023c9720df4297b92e8f5') in 0.015624 seconds 
  Import took 0.018390 seconds .

========================================================================
Received Import Request.
  Time since last request: 0.000172 seconds.
  path: Assets/Art/TilemapPalettes/FloorWaterSquareCorners8.asset
  artifactKey: Guid(4aa48e0bd4f625f49bf0e670ee00899a) Importer(815301076,1909f56bfc062723c751e8b465ee728b)
Start importing Assets/Art/TilemapPalettes/FloorWaterSquareCorners8.asset using Guid(4aa48e0bd4f625f49bf0e670ee00899a) Importer(815301076,1909f56bfc062723c751e8b465ee728b)  -> (artifact id: '1058a3e9052ddc71667b6334aacbebd2') in 0.012532 seconds 
  Import took 0.015125 seconds .

========================================================================
Received Import Request.
  Time since last request: 0.000145 seconds.
  path: Assets/Art/TilemapPalettes/FloorBricksToGrassCorner3.asset
  artifactKey: Guid(f96cc6bcf9bf89a48b44ec8223b237e5) Importer(815301076,1909f56bfc062723c751e8b465ee728b)
Start importing Assets/Art/TilemapPalettes/FloorBricksToGrassCorner3.asset using Guid(f96cc6bcf9bf89a48b44ec8223b237e5) Importer(815301076,1909f56bfc062723c751e8b465ee728b)  -> (artifact id: '0c9fcbf2f76a941465a088c0b17c6b4a') in 0.014094 seconds 
  Import took 0.016696 seconds .

========================================================================
Received Import Request.
  Time since last request: 0.000152 seconds.
  path: Assets/Art/TilemapPalettes/FloorGrassToBricksCorner5.asset
  artifactKey: Guid(82a91bb3b33396040b780c50be3c101e) Importer(815301076,1909f56bfc062723c751e8b465ee728b)
Start importing Assets/Art/TilemapPalettes/FloorGrassToBricksCorner5.asset using Guid(82a91bb3b33396040b780c50be3c101e) Importer(815301076,1909f56bfc062723c751e8b465ee728b)  -> (artifact id: '5c8bf4a2543af9beff264222dc0276f6') in 0.016302 seconds 
  Import took 0.018961 seconds .

========================================================================
Received Import Request.
  Time since last request: 0.000171 seconds.
  path: Assets/Art/TilemapPalettes/FloorWaterSquareCorners0.asset
  artifactKey: Guid(ed21f0445b09d7348b2f137e744280a1) Importer(815301076,1909f56bfc062723c751e8b465ee728b)
Start importing Assets/Art/TilemapPalettes/FloorWaterSquareCorners0.asset using Guid(ed21f0445b09d7348b2f137e744280a1) Importer(815301076,1909f56bfc062723c751e8b465ee728b)  -> (artifact id: '2cc0f62419c3b290adc1fb7b3a55ffe0') in 0.012169 seconds 
  Import took 0.014839 seconds .

========================================================================
Received Import Request.
  Time since last request: 0.000174 seconds.
  path: Assets/Art/TilemapPalettes/FloorGrassToBricksCorner0.asset
  artifactKey: Guid(8ec67d9c8a982dc48b94f766eb359f85) Importer(815301076,1909f56bfc062723c751e8b465ee728b)
Start importing Assets/Art/TilemapPalettes/FloorGrassToBricksCorner0.asset using Guid(8ec67d9c8a982dc48b94f766eb359f85) Importer(815301076,1909f56bfc062723c751e8b465ee728b)  -> (artifact id: '38730371cf9a8957ef870c6724129e16') in 0.013059 seconds 
  Import took 0.015713 seconds .

========================================================================
Received Import Request.
  Time since last request: 0.000202 seconds.
  path: Assets/Art/TilemapPalettes/FloorBricksToGrassSquare7.asset
  artifactKey: Guid(7ffbc5720ec4d4c47a0d7256ad746685) Importer(815301076,1909f56bfc062723c751e8b465ee728b)
Start importing Assets/Art/TilemapPalettes/FloorBricksToGrassSquare7.asset using Guid(7ffbc5720ec4d4c47a0d7256ad746685) Importer(815301076,1909f56bfc062723c751e8b465ee728b)  -> (artifact id: '0b597e8c26f0129cf949a855c6a2269d') in 0.015970 seconds 
  Import took 0.018948 seconds .

========================================================================
Received Import Request.
  Time since last request: 0.001306 seconds.
  path: Assets/Art/TilemapPalettes/FloorWaterRoundCorners3.asset
  artifactKey: Guid(de6ee2b7d4856224d945284292ebe438) Importer(815301076,1909f56bfc062723c751e8b465ee728b)
Start importing Assets/Art/TilemapPalettes/FloorWaterRoundCorners3.asset using Guid(de6ee2b7d4856224d945284292ebe438) Importer(815301076,1909f56bfc062723c751e8b465ee728b)  -> (artifact id: 'f3a36d53470c8bcec4731b7f98eddb5b') in 0.011248 seconds 
  Import took 0.014514 seconds .

========================================================================
Received Import Request.
  Time since last request: 0.000149 seconds.
  path: Assets/Art/TilemapPalettes/FloorGrassToBricksSquare0.asset
  artifactKey: Guid(901a071fa7926ba43a0971ed116c5c1a) Importer(815301076,1909f56bfc062723c751e8b465ee728b)
Start importing Assets/Art/TilemapPalettes/FloorGrassToBricksSquare0.asset using Guid(901a071fa7926ba43a0971ed116c5c1a) Importer(815301076,1909f56bfc062723c751e8b465ee728b)  -> (artifact id: 'a570c36a40ff764eb432b46c2207f10c') in 0.012529 seconds 
  Import took 0.015177 seconds .

========================================================================
Received Import Request.
  Time since last request: 0.000163 seconds.
  path: Assets/Art/TilemapPalettes/FloorBricksToGrassSquare1.asset
  artifactKey: Guid(f446ce209f77cd044a3634969f724bd1) Importer(815301076,1909f56bfc062723c751e8b465ee728b)
Start importing Assets/Art/TilemapPalettes/FloorBricksToGrassSquare1.asset using Guid(f446ce209f77cd044a3634969f724bd1) Importer(815301076,1909f56bfc062723c751e8b465ee728b)  -> (artifact id: 'eca76e2213d76b13fe03372b68a94441') in 0.014821 seconds 
  Import took 0.017452 seconds .

========================================================================
Received Import Request.
  Time since last request: 0.000177 seconds.
  path: Assets/Art/TilemapPalettes/FloorBricksToGrassSquare3.asset
  artifactKey: Guid(f990905faaf0a5e4f862dee04d67fef2) Importer(815301076,1909f56bfc062723c751e8b465ee728b)
Start importing Assets/Art/TilemapPalettes/FloorBricksToGrassSquare3.asset using Guid(f990905faaf0a5e4f862dee04d67fef2) Importer(815301076,1909f56bfc062723c751e8b465ee728b)  -> (artifact id: '71d085f551109a07625bb3c634e86b2f') in 0.015287 seconds 
  Import took 0.018180 seconds .

========================================================================
Received Import Request.
  Time since last request: 0.000195 seconds.
  path: Assets/Art/TilemapPalettes/FloorBricksToGrassCorner7.asset
  artifactKey: Guid(6a8a39291f9bf9c4b87da4ea7ac1702c) Importer(815301076,1909f56bfc062723c751e8b465ee728b)
Start importing Assets/Art/TilemapPalettes/FloorBricksToGrassCorner7.asset using Guid(6a8a39291f9bf9c4b87da4ea7ac1702c) Importer(815301076,1909f56bfc062723c751e8b465ee728b)  -> (artifact id: '21d1063100405d0d84f852008b1961e4') in 0.009985 seconds 
  Import took 0.012503 seconds .

========================================================================
Received Import Request.
  Time since last request: 0.000144 seconds.
  path: Assets/Art/TilemapPalettes/FloorBricksToGrassCorner4.asset
  artifactKey: Guid(4fa37cffe1c7f774dbc50cee6b706a37) Importer(815301076,1909f56bfc062723c751e8b465ee728b)
Start importing Assets/Art/TilemapPalettes/FloorBricksToGrassCorner4.asset using Guid(4fa37cffe1c7f774dbc50cee6b706a37) Importer(815301076,1909f56bfc062723c751e8b465ee728b)  -> (artifact id: '2b808712f8f231371116cbd574c21a04') in 0.015440 seconds 
  Import took 0.018130 seconds .

========================================================================
Received Import Request.
  Time since last request: 0.000181 seconds.
  path: Assets/Art/TilemapPalettes/FloorWaterRoundCorners0.asset
  artifactKey: Guid(b5ddcf93c0b2bb349a7eb8c41828e5a7) Importer(815301076,1909f56bfc062723c751e8b465ee728b)
Start importing Assets/Art/TilemapPalettes/FloorWaterRoundCorners0.asset using Guid(b5ddcf93c0b2bb349a7eb8c41828e5a7) Importer(815301076,1909f56bfc062723c751e8b465ee728b)  -> (artifact id: '140beb47b5aff2fcee5c4cd8ef6a5461') in 0.012404 seconds 
  Import took 0.015017 seconds .

========================================================================
Received Import Request.
  Time since last request: 0.000148 seconds.
  path: Assets/Art/TilemapPalettes/FloorWaterRoundCorners2.asset
  artifactKey: Guid(024da86bea011fd4c802acac1925c264) Importer(815301076,1909f56bfc062723c751e8b465ee728b)
Start importing Assets/Art/TilemapPalettes/FloorWaterRoundCorners2.asset using Guid(024da86bea011fd4c802acac1925c264) Importer(815301076,1909f56bfc062723c751e8b465ee728b)  -> (artifact id: 'a22ced9250fba3528e1ff92fcdf3e3f4') in 0.016595 seconds 
  Import took 0.019253 seconds .

========================================================================
Received Import Request.
  Time since last request: 0.000178 seconds.
  path: Assets/Art/TilemapPalettes/FloorGrassToBricksCorner2.asset
  artifactKey: Guid(5de2d4f0bf3774844acc67078a5508cc) Importer(815301076,1909f56bfc062723c751e8b465ee728b)
Start importing Assets/Art/TilemapPalettes/FloorGrassToBricksCorner2.asset using Guid(5de2d4f0bf3774844acc67078a5508cc) Importer(815301076,1909f56bfc062723c751e8b465ee728b)  -> (artifact id: '3da7e30f570ecc1430bca812c9e28dc0') in 0.014911 seconds 
  Import took 0.017740 seconds .

========================================================================
Received Import Request.
  Time since last request: 0.000156 seconds.
  path: Assets/Art/TilemapPalettes/FloorGrassToBricksSquare5.asset
  artifactKey: Guid(fe81cde85aaed08438d6fe51da790be5) Importer(815301076,1909f56bfc062723c751e8b465ee728b)
Start importing Assets/Art/TilemapPalettes/FloorGrassToBricksSquare5.asset using Guid(fe81cde85aaed08438d6fe51da790be5) Importer(815301076,1909f56bfc062723c751e8b465ee728b)  -> (artifact id: '2cf8ea583155346faee6ce62f611f8e5') in 0.010853 seconds 
  Import took 0.013530 seconds .

========================================================================
Received Import Request.
  Time since last request: 0.000160 seconds.
  path: Assets/Art/TilemapPalettes/FloorBricksToGrassSquare6.asset
  artifactKey: Guid(ec568d9d6d684f04591c1a90797f561f) Importer(815301076,1909f56bfc062723c751e8b465ee728b)
Start importing Assets/Art/TilemapPalettes/FloorBricksToGrassSquare6.asset using Guid(ec568d9d6d684f04591c1a90797f561f) Importer(815301076,1909f56bfc062723c751e8b465ee728b)  -> (artifact id: '2400a532d0953c1dcc038db35d868d25') in 0.012968 seconds 
  Import took 0.015519 seconds .

========================================================================
Received Import Request.
  Time since last request: 0.000148 seconds.
  path: Assets/Art/TilemapPalettes/FloorWaterSquareCorners7.asset
  artifactKey: Guid(3a78c5b0218e37e48bc67f7b17dc6b2f) Importer(815301076,1909f56bfc062723c751e8b465ee728b)
Start importing Assets/Art/TilemapPalettes/FloorWaterSquareCorners7.asset using Guid(3a78c5b0218e37e48bc67f7b17dc6b2f) Importer(815301076,1909f56bfc062723c751e8b465ee728b)  -> (artifact id: 'ff1f455afa33b17d1efa91ca25fff5ad') in 0.019072 seconds 
  Import took 0.021863 seconds .

========================================================================
Received Import Request.
  Time since last request: 0.000206 seconds.
  path: Assets/Art/TilemapPalettes/FloorBricksToGrassSquare8.asset
  artifactKey: Guid(f7c4a409fe02b8f4cbe01ae38ea20a90) Importer(815301076,1909f56bfc062723c751e8b465ee728b)
Start importing Assets/Art/TilemapPalettes/FloorBricksToGrassSquare8.asset using Guid(f7c4a409fe02b8f4cbe01ae38ea20a90) Importer(815301076,1909f56bfc062723c751e8b465ee728b)  -> (artifact id: '72d5c1b7276174f9c47f433303b7d1f6') in 0.008950 seconds 
  Import took 0.011374 seconds .

========================================================================
Received Import Request.
  Time since last request: 0.000142 seconds.
  path: Assets/Art/TilemapPalettes/FloorGrassToBricksCorner8.asset
  artifactKey: Guid(a2841ecd63d44a6418953e2551c03cd3) Importer(815301076,1909f56bfc062723c751e8b465ee728b)
Start importing Assets/Art/TilemapPalettes/FloorGrassToBricksCorner8.asset using Guid(a2841ecd63d44a6418953e2551c03cd3) Importer(815301076,1909f56bfc062723c751e8b465ee728b)  -> (artifact id: 'cf206c34f51b8bf79d04f1b9a57107c6') in 0.015541 seconds 
  Import took 0.018504 seconds .

========================================================================
Received Import Request.
  Time since last request: 0.000173 seconds.
  path: Assets/Art/TilemapPalettes/FloorBricksToGrassCorner1.asset
  artifactKey: Guid(788cf4be0391d504589363aaa710c223) Importer(815301076,1909f56bfc062723c751e8b465ee728b)
Start importing Assets/Art/TilemapPalettes/FloorBricksToGrassCorner1.asset using Guid(788cf4be0391d504589363aaa710c223) Importer(815301076,1909f56bfc062723c751e8b465ee728b)  -> (artifact id: '52b37a089aeff741a8f6a348f358b1c1') in 0.011844 seconds 
  Import took 0.014550 seconds .

========================================================================
Received Import Request.
  Time since last request: 0.000147 seconds.
  path: Assets/Art/TilemapPalettes/FloorGrassToBricksSquare7.asset
  artifactKey: Guid(12970fae3c451f64d867df734ea1aca0) Importer(815301076,1909f56bfc062723c751e8b465ee728b)
Start importing Assets/Art/TilemapPalettes/FloorGrassToBricksSquare7.asset using Guid(12970fae3c451f64d867df734ea1aca0) Importer(815301076,1909f56bfc062723c751e8b465ee728b)  -> (artifact id: '154d7cf1d527787fbbc5c36e4d4ad189') in 0.018656 seconds 
  Import took 0.021378 seconds .

========================================================================
Received Import Request.
  Time since last request: 0.000159 seconds.
  path: Assets/Art/TilemapPalettes/FloorBricksToGrassSquare5.asset
  artifactKey: Guid(374ea4ed78626554e94a62df07b27a71) Importer(815301076,1909f56bfc062723c751e8b465ee728b)
Start importing Assets/Art/TilemapPalettes/FloorBricksToGrassSquare5.asset using Guid(374ea4ed78626554e94a62df07b27a71) Importer(815301076,1909f56bfc062723c751e8b465ee728b)  -> (artifact id: 'f75e7e61086a951c6015cabd9e9fa8f0') in 0.008872 seconds 
  Import took 0.011324 seconds .

========================================================================
Received Import Request.
  Time since last request: 1.894985 seconds.
  path: Assets/Art/Sprites
  artifactKey: Guid(c5f02f7a2b581c5478ad8ddfa4988975) Importer(815301076,1909f56bfc062723c751e8b465ee728b)
Start importing Assets/Art/Sprites using Guid(c5f02f7a2b581c5478ad8ddfa4988975) Importer(815301076,1909f56bfc062723c751e8b465ee728b)  -> (artifact id: '49a96855379d3bdbeba56c32f18b6136') in 0.000869 seconds 
  Import took 0.003487 seconds .

========================================================================
Received Import Request.
  Time since last request: 1.661077 seconds.
  path: Assets/Art/Sprites/UI
  artifactKey: Guid(e9765d95769ccef4f8123d431a3547bb) Importer(815301076,1909f56bfc062723c751e8b465ee728b)
Start importing Assets/Art/Sprites/UI using Guid(e9765d95769ccef4f8123d431a3547bb) Importer(815301076,1909f56bfc062723c751e8b465ee728b)  -> (artifact id: '08d00fe7e7a877da051e895f8e97de12') in 0.000769 seconds 
  Import took 0.003598 seconds .

========================================================================
Received Import Request.
  Time since last request: 0.066966 seconds.
  path: Assets/Art/Sprites/UI/CharacterPortrait.png
  artifactKey: Guid(ec73128b64458a947a9603ad250e5956) Importer(815301076,1909f56bfc062723c751e8b465ee728b)
Start importing Assets/Art/Sprites/UI/CharacterPortrait.png using Guid(ec73128b64458a947a9603ad250e5956) Importer(815301076,1909f56bfc062723c751e8b465ee728b)  -> (artifact id: 'd491e383892708c7416e0ba1710323e7') in 0.829645 seconds 
  Import took 0.836236 seconds .

========================================================================
Received Import Request.
  Time since last request: 0.000202 seconds.
  path: Assets/Art/Sprites/UI/NPCPortrait.png
  artifactKey: Guid(9a13415fe8964424a9a054100ad600b0) Importer(815301076,1909f56bfc062723c751e8b465ee728b)
Start importing Assets/Art/Sprites/UI/NPCPortrait.png using Guid(9a13415fe8964424a9a054100ad600b0) Importer(815301076,1909f56bfc062723c751e8b465ee728b)  -> (artifact id: 'b714bb6a96ff2ebf58c1b7671d287d50') in 0.010257 seconds 
  Import took 0.012797 seconds .

========================================================================
Received Import Request.
  Time since last request: 0.000143 seconds.
  path: Assets/Art/Sprites/UI/UIHealthBar.png
  artifactKey: Guid(292bb6b60652e5541aa6fd8507b5087e) Importer(815301076,1909f56bfc062723c751e8b465ee728b)
Start importing Assets/Art/Sprites/UI/UIHealthBar.png using Guid(292bb6b60652e5541aa6fd8507b5087e) Importer(815301076,1909f56bfc062723c751e8b465ee728b)  -> (artifact id: '5235f83313c8a445d73599b8af0f0ee7') in 0.006496 seconds 
  Import took 0.009068 seconds .

========================================================================
Received Import Request.
  Time since last request: 0.000140 seconds.
  path: Assets/Art/Sprites/UI/UIDialogueBox.png
  artifactKey: Guid(e19efba90db658c4980b2a4d32206764) Importer(815301076,1909f56bfc062723c751e8b465ee728b)
Start importing Assets/Art/Sprites/UI/UIDialogueBox.png using Guid(e19efba90db658c4980b2a4d32206764) Importer(815301076,1909f56bfc062723c751e8b465ee728b)  -> (artifact id: '2b2a84842e57a2a476918b18ab37c0b2') in 0.024995 seconds 
  Import took 0.027691 seconds .

========================================================================
Received Import Request.
  Time since last request: 0.000139 seconds.
  path: Assets/Art/Sprites/UI/UIHealthFrame.png
  artifactKey: Guid(2e9a3b284be34c14e809fdcd0f799ba1) Importer(815301076,1909f56bfc062723c751e8b465ee728b)
Start importing Assets/Art/Sprites/UI/UIHealthFrame.png using Guid(2e9a3b284be34c14e809fdcd0f799ba1) Importer(815301076,1909f56bfc062723c751e8b465ee728b)  -> (artifact id: '25a8d2e5d28888d2ebc9520b9364e5cd') in 0.030843 seconds 
  Import took 0.033376 seconds .

========================================================================
Received Import Request.
  Time since last request: 0.000146 seconds.
  path: Assets/Art/Sprites/UI/UIBulletIcon.png
  artifactKey: Guid(6fc668908b4e3f2459f6f8bc120fe46a) Importer(815301076,1909f56bfc062723c751e8b465ee728b)
Start importing Assets/Art/Sprites/UI/UIBulletIcon.png using Guid(6fc668908b4e3f2459f6f8bc120fe46a) Importer(815301076,1909f56bfc062723c751e8b465ee728b)  -> (artifact id: '2307c64970da2fdce18befcde9cab3bc') in 0.019601 seconds 
  Import took 0.022153 seconds .

========================================================================
Received Prepare
Registering precompiled user dll's ...
Registered in 0.007422 seconds.
Begin MonoManager ReloadAssembly
Native extension for OSXStandalone target not found
Refreshing native plugins compatible for Editor in 0.57 ms, found 2 plugins.
Preloading 0 native plugins for Editor in 0.00 ms.
Mono: successfully reloaded assembly
- Completed reload, in  1.092 seconds
Domain Reload Profiling:
	ReloadAssembly (1092ms)
		BeginReloadAssembly (148ms)
			ExecutionOrderSort (0ms)
			DisableScriptedObjects (5ms)
			BackupInstance (0ms)
			ReleaseScriptingObjects (0ms)
			CreateAndSetChildDomain (55ms)
		EndReloadAssembly (887ms)
			LoadAssemblies (127ms)
			RebuildTransferFunctionScriptingTraits (0ms)
			SetupTypeCache (300ms)
			ReleaseScriptCaches (1ms)
			RebuildScriptCaches (51ms)
			SetupLoadedEditorAssemblies (341ms)
				LogAssemblyErrors (0ms)
				InitializePlatformSupportModulesInManaged (4ms)
				SetLoadedEditorAssemblies (0ms)
				RefreshPlugins (1ms)
				BeforeProcessingInitializeOnLoad (88ms)
				ProcessInitializeOnLoadAttributes (208ms)
				ProcessInitializeOnLoadMethodAttributes (39ms)
				AfterProcessingInitializeOnLoad (1ms)
				EditorAssembliesLoaded (0ms)
			ExecutionOrderSort2 (0ms)
			AwakeInstancesAfterBackupRestoration (6ms)
Platform modules already initialized, skipping
Refreshing native plugins compatible for Editor in 0.57 ms, found 2 plugins.
Preloading 0 native plugins for Editor in 0.00 ms.
Unloading 2277 Unused Serialized files (Serialized files now loaded: 0)
System memory in use before: 218.6 MB.
System memory in use after: 218.8 MB.

Unloading 50 unused Assets to reduce memory usage. Loaded Objects now: 2778.
Total: 5.358896 ms (FindLiveObjects: 0.169826 ms CreateObjectMapping: 0.084997 ms MarkObjects: 5.055799 ms  DeleteObjects: 0.047364 ms)

AssetImportParameters requested are different than current active one (requested -> active):
  custom:video-decoder-ogg-theora: a1e56fd34408186e4bbccfd4996cb3dc -> 
  custom:container-muxer-webm: aa71ff27fc2769a1b78a27578f13a17b -> 
  custom:container-demuxer-webm: 4f35f7cbe854078d1ac9338744f61a02 -> 
  custom:container-demuxer-ogg: 62fdf1f143b41e24485cea50d1cbac27 -> 
  custom:video-encoder-webm-vp8: eb34c28f22e8b96e1ab97ce403110664 -> 
  custom:framework-osx-AVFoundation: e770b220cccbd017edd2c1fefb359320 -> 
  custom:video-decoder-webm-vp8: 9c59270c3fd7afecdb556c50c9e8de78 -> 
  custom:audio-decoder-ogg-vorbis: bf7c407c2cedff20999df2af8eb42d56 -> 
  custom:audio-encoder-webm-vorbis: bf7c407c2cedff20999df2af8eb42d56 -> 
